2026-02-27 11:45:23,571 | INFO | travel_planner_crewai.main | Execution started
2026-02-27 11:46:10,002 | INFO | travel_planner_crewai.main | Inputs received | destination=India | travel_dates=2026-04-10 to 2026-04-15 | budget=BDT 30000
2026-02-27 11:46:10,009 | INFO | travel_planner_crewai.crew | Initializing destination_researcher
2026-02-27 11:46:10,013 | INFO | travel_planner_crewai.crew | Initializing budget_planner
2026-02-27 11:46:10,014 | INFO | travel_planner_crewai.crew | Initializing itinerary_designer
2026-02-27 11:46:10,015 | INFO | travel_planner_crewai.crew | Initializing validation_agent
2026-02-27 11:46:10,016 | INFO | travel_planner_crewai.crew | Creating destination_research_task
2026-02-27 11:46:10,016 | INFO | travel_planner_crewai.crew | Creating budget_planning_task
2026-02-27 11:46:10,017 | INFO | travel_planner_crewai.crew | Creating itinerary_design_task
2026-02-27 11:46:10,017 | INFO | travel_planner_crewai.crew | Creating validation_task
2026-02-27 11:46:10,017 | INFO | travel_planner_crewai.crew | Creating TravelPlannerCrewai with sequential process
2026-02-27 11:46:11,579 | INFO | travel_planner_crewai.tools.custom_tool | Serper search started | query=India destination highlights and travel logistics 2026-04-10 to 2026-04-15
2026-02-27 11:46:13,090 | INFO | travel_planner_crewai.tools.custom_tool | Serper search finished
2026-02-27 11:46:20,406 | INFO | travel_planner_crewai.main | Execution completed successfully
2026-02-27 15:27:36,240 | INFO | travel_planner_crewai.main | Execution started
2026-02-27 15:28:44,104 | INFO | travel_planner_crewai.main | Inputs received | destination=Bangladesh | travel_dates=1 march to 7 march | budget=BDT 20000
2026-02-27 15:28:44,117 | INFO | travel_planner_crewai.crew | Initializing destination_researcher
2026-02-27 15:28:44,120 | INFO | travel_planner_crewai.crew | Initializing budget_planner
2026-02-27 15:28:44,123 | INFO | travel_planner_crewai.crew | Initializing itinerary_designer
2026-02-27 15:28:44,125 | INFO | travel_planner_crewai.crew | Initializing validation_agent
2026-02-27 15:28:44,126 | INFO | travel_planner_crewai.crew | Creating destination_research_task
2026-02-27 15:28:44,127 | INFO | travel_planner_crewai.crew | Creating budget_planning_task
2026-02-27 15:28:44,129 | INFO | travel_planner_crewai.crew | Creating itinerary_design_task
2026-02-27 15:28:44,129 | INFO | travel_planner_crewai.crew | Creating validation_task
2026-02-27 15:28:44,131 | INFO | travel_planner_crewai.crew | Creating TravelPlannerCrewai with sequential process
2026-02-27 15:28:45,759 | INFO | travel_planner_crewai.tools.custom_tool | Serper search started | query=Bangladesh top attractions, travel logistics, local transport options, seasonal constraints 1 March to 7 March
2026-02-27 15:28:47,765 | INFO | travel_planner_crewai.tools.custom_tool | Serper search finished
2026-02-27 15:28:48,221 | INFO | travel_planner_crewai.tools.custom_tool | Serper search started | query=top attractions and logistics in Bangladesh from 1 March to 7 March
2026-02-27 15:28:50,012 | INFO | travel_planner_crewai.tools.custom_tool | Serper search finished
2026-02-27 15:28:50,379 | INFO | travel_planner_crewai.tools.custom_tool | Serper search started | query=Bangladesh travel logistics and transport from 1 March to 7 March
2026-02-27 15:28:51,846 | INFO | travel_planner_crewai.tools.custom_tool | Serper search finished
2026-02-27 15:28:58,765 | ERROR | travel_planner_crewai.main | Execution failed
Traceback (most recent call last):
  File "/home/w3e10/Downloads/test/travel-planner-crewai/.venv/lib/python3.12/site-packages/litellm/llms/custom_httpx/llm_http_handler.py", line 174, in _make_common_sync_call
    response = sync_httpx_client.post(
               ^^^^^^^^^^^^^^^^^^^^^^^
  File "/home/w3e10/Downloads/test/travel-planner-crewai/.venv/lib/python3.12/site-packages/litellm/llms/custom_httpx/http_handler.py", line 780, in post
    raise e
  File "/home/w3e10/Downloads/test/travel-planner-crewai/.venv/lib/python3.12/site-packages/litellm/llms/custom_httpx/http_handler.py", line 762, in post
    response.raise_for_status()
  File "/home/w3e10/Downloads/test/travel-planner-crewai/.venv/lib/python3.12/site-packages/httpx/_models.py", line 829, in raise_for_status
    raise HTTPStatusError(message, request=request, response=self)
httpx.HTTPStatusError: Client error '429 Too Many Requests' for url 'https://api.groq.com/openai/v1/chat/completions'
For more information check: https://developer.mozilla.org/en-US/docs/Web/HTTP/Status/429

During handling of the above exception, another exception occurred:

Traceback (most recent call last):
  File "/home/w3e10/Downloads/test/travel-planner-crewai/.venv/lib/python3.12/site-packages/litellm/main.py", line 1831, in completion
    response = base_llm_http_handler.completion(
               ^^^^^^^^^^^^^^^^^^^^^^^^^^^^^^^^^
  File "/home/w3e10/Downloads/test/travel-planner-crewai/.venv/lib/python3.12/site-packages/litellm/llms/custom_httpx/llm_http_handler.py", line 470, in completion
    response = self._make_common_sync_call(
               ^^^^^^^^^^^^^^^^^^^^^^^^^^^^
  File "/home/w3e10/Downloads/test/travel-planner-crewai/.venv/lib/python3.12/site-packages/litellm/llms/custom_httpx/llm_http_handler.py", line 199, in _make_common_sync_call
    raise self._handle_error(e=e, provider_config=provider_config)
          ^^^^^^^^^^^^^^^^^^^^^^^^^^^^^^^^^^^^^^^^^^^^^^^^^^^^^^^^
  File "/home/w3e10/Downloads/test/travel-planner-crewai/.venv/lib/python3.12/site-packages/litellm/llms/custom_httpx/llm_http_handler.py", line 2409, in _handle_error
    raise provider_config.get_error_class(
litellm.llms.openai.common_utils.OpenAIError: {"error":{"message":"Rate limit reached for model `llama-3.3-70b-versatile` in organization `org_01kjchtrxhe1c9h572kehsftyd` service tier `on_demand` on tokens per minute (TPM): Limit 12000, Used 10059, Requested 2164. Please try again in 1.115s. Need more tokens? Upgrade to Dev Tier today at https://console.groq.com/settings/billing","type":"tokens","code":"rate_limit_exceeded"}}


During handling of the above exception, another exception occurred:

Traceback (most recent call last):
  File "/home/w3e10/Downloads/test/travel-planner-crewai/src/travel_planner_crewai/main.py", line 55, in run
    result = TravelPlannerCrewai().crew().kickoff(inputs=inputs)
             ^^^^^^^^^^^^^^^^^^^^^^^^^^^^^^^^^^^^^^^^^^^^^^^^^^^
  File "/home/w3e10/Downloads/test/travel-planner-crewai/.venv/lib/python3.12/site-packages/crewai/crew.py", line 743, in kickoff
    result = self._run_sequential_process()
             ^^^^^^^^^^^^^^^^^^^^^^^^^^^^^^
  File "/home/w3e10/Downloads/test/travel-planner-crewai/.venv/lib/python3.12/site-packages/crewai/crew.py", line 1150, in _run_sequential_process
    return self._execute_tasks(self.tasks)
           ^^^^^^^^^^^^^^^^^^^^^^^^^^^^^^^
  File "/home/w3e10/Downloads/test/travel-planner-crewai/.venv/lib/python3.12/site-packages/crewai/crew.py", line 1236, in _execute_tasks
    task_output = task.execute_sync(
                  ^^^^^^^^^^^^^^^^^^
  File "/home/w3e10/Downloads/test/travel-planner-crewai/.venv/lib/python3.12/site-packages/crewai/task.py", line 499, in execute_sync
    return self._execute_core(agent, context, tools)
           ^^^^^^^^^^^^^^^^^^^^^^^^^^^^^^^^^^^^^^^^^
  File "/home/w3e10/Downloads/test/travel-planner-crewai/.venv/lib/python3.12/site-packages/crewai/task.py", line 740, in _execute_core
    raise e  # Re-raise the exception after emitting the event
    ^^^^^^^
  File "/home/w3e10/Downloads/test/travel-planner-crewai/.venv/lib/python3.12/site-packages/crewai/task.py", line 671, in _execute_core
    result = agent.execute_task(
             ^^^^^^^^^^^^^^^^^^^
  File "/home/w3e10/Downloads/test/travel-planner-crewai/.venv/lib/python3.12/site-packages/crewai/agent/core.py", line 481, in execute_task
    raise e
  File "/home/w3e10/Downloads/test/travel-planner-crewai/.venv/lib/python3.12/site-packages/crewai/agent/core.py", line 459, in execute_task
    result = self._execute_without_timeout(task_prompt, task)
             ^^^^^^^^^^^^^^^^^^^^^^^^^^^^^^^^^^^^^^^^^^^^^^^^
  File "/home/w3e10/Downloads/test/travel-planner-crewai/.venv/lib/python3.12/site-packages/crewai/agent/core.py", line 568, in _execute_without_timeout
    return self.agent_executor.invoke(
           ^^^^^^^^^^^^^^^^^^^^^^^^^^^
  File "/home/w3e10/Downloads/test/travel-planner-crewai/.venv/lib/python3.12/site-packages/crewai/agents/crew_agent_executor.py", line 207, in invoke
    formatted_answer = self._invoke_loop()
                       ^^^^^^^^^^^^^^^^^^^
  File "/home/w3e10/Downloads/test/travel-planner-crewai/.venv/lib/python3.12/site-packages/crewai/agents/crew_agent_executor.py", line 308, in _invoke_loop
    return self._invoke_loop_react()
           ^^^^^^^^^^^^^^^^^^^^^^^^^
  File "/home/w3e10/Downloads/test/travel-planner-crewai/.venv/lib/python3.12/site-packages/crewai/agents/crew_agent_executor.py", line 429, in _invoke_loop_react
    raise e
  File "/home/w3e10/Downloads/test/travel-planner-crewai/.venv/lib/python3.12/site-packages/crewai/agents/crew_agent_executor.py", line 337, in _invoke_loop_react
    answer = get_llm_response(
             ^^^^^^^^^^^^^^^^^
  File "/home/w3e10/Downloads/test/travel-planner-crewai/.venv/lib/python3.12/site-packages/crewai/utilities/agent_utils.py", line 372, in get_llm_response
    raise e
  File "/home/w3e10/Downloads/test/travel-planner-crewai/.venv/lib/python3.12/site-packages/crewai/utilities/agent_utils.py", line 362, in get_llm_response
    answer = llm.call(
             ^^^^^^^^^
  File "/home/w3e10/Downloads/test/travel-planner-crewai/.venv/lib/python3.12/site-packages/crewai/llm.py", line 1719, in call
    result = self._handle_non_streaming_response(
             ^^^^^^^^^^^^^^^^^^^^^^^^^^^^^^^^^^^^
  File "/home/w3e10/Downloads/test/travel-planner-crewai/.venv/lib/python3.12/site-packages/crewai/llm.py", line 1169, in _handle_non_streaming_response
    response = litellm.completion(**params)
               ^^^^^^^^^^^^^^^^^^^^^^^^^^^^
  File "/home/w3e10/Downloads/test/travel-planner-crewai/.venv/lib/python3.12/site-packages/litellm/utils.py", line 1332, in wrapper
    raise e
  File "/home/w3e10/Downloads/test/travel-planner-crewai/.venv/lib/python3.12/site-packages/litellm/utils.py", line 1207, in wrapper
    result = original_function(*args, **kwargs)
             ^^^^^^^^^^^^^^^^^^^^^^^^^^^^^^^^^^
  File "/home/w3e10/Downloads/test/travel-planner-crewai/.venv/lib/python3.12/site-packages/litellm/main.py", line 3452, in completion
    raise exception_type(
          ^^^^^^^^^^^^^^^
  File "/home/w3e10/Downloads/test/travel-planner-crewai/.venv/lib/python3.12/site-packages/litellm/litellm_core_utils/exception_mapping_utils.py", line 2301, in exception_type
    raise e
  File "/home/w3e10/Downloads/test/travel-planner-crewai/.venv/lib/python3.12/site-packages/litellm/litellm_core_utils/exception_mapping_utils.py", line 329, in exception_type
    raise RateLimitError(
litellm.exceptions.RateLimitError: litellm.RateLimitError: RateLimitError: GroqException - {"error":{"message":"Rate limit reached for model `llama-3.3-70b-versatile` in organization `org_01kjchtrxhe1c9h572kehsftyd` service tier `on_demand` on tokens per minute (TPM): Limit 12000, Used 10059, Requested 2164. Please try again in 1.115s. Need more tokens? Upgrade to Dev Tier today at https://console.groq.com/settings/billing","type":"tokens","code":"rate_limit_exceeded"}}

2026-02-27 15:33:45,436 | INFO | travel_planner_crewai.main | Execution started
2026-02-27 15:35:33,195 | INFO | travel_planner_crewai.main | Inputs received | destination=Dhaka | travel_dates=1 march to 3 march | budget=BDT 20000
2026-02-27 15:35:33,207 | INFO | travel_planner_crewai.crew | Initializing destination_researcher
2026-02-27 15:35:33,208 | INFO | travel_planner_crewai.crew | Initializing budget_planner
2026-02-27 15:35:33,211 | INFO | travel_planner_crewai.crew | Initializing itinerary_designer
2026-02-27 15:35:33,212 | INFO | travel_planner_crewai.crew | Initializing validation_agent
2026-02-27 15:35:33,213 | INFO | travel_planner_crewai.crew | Creating destination_research_task
2026-02-27 15:35:33,213 | INFO | travel_planner_crewai.crew | Creating budget_planning_task
2026-02-27 15:35:33,214 | INFO | travel_planner_crewai.crew | Creating itinerary_design_task
2026-02-27 15:35:33,214 | INFO | travel_planner_crewai.crew | Creating validation_task
2026-02-27 15:35:33,215 | INFO | travel_planner_crewai.crew | Creating TravelPlannerCrewai with sequential process
2026-02-27 15:35:34,808 | INFO | travel_planner_crewai.tools.custom_tool | Serper search started | query=Dhaka destination highlights, top attractions, and travel logistics from 1 March to 3 March
2026-02-27 15:35:38,678 | INFO | travel_planner_crewai.tools.custom_tool | Serper search finished
2026-02-27 15:35:47,224 | INFO | travel_planner_crewai.main | Execution completed successfully
